<?xml version="1.0" encoding="UTF-8"?>
<!-- Generated by org.testng.reporters.JUnitReportReporter -->
<testsuite hostname="LAPTOP-MK51T9UT" name="testngPrac.Testng_WD" tests="1" failures="0" timestamp="13 Oct 2020 08:09:21 GMT" time="52.576" errors="0">
  <testcase name="Login" time="52.576" classname="testngPrac.Testng_WD"/>
</testsuite> <!-- testngPrac.Testng_WD -->
