<?xml version="1.0" encoding="UTF-8"?>
<!-- Generated by org.testng.reporters.JUnitReportReporter -->
<testsuite hostname="LAPTOP-MK51T9UT" name="testngPrac.FirstTestNGScript" tests="2" failures="0" timestamp="13 Oct 2020 04:18:10 GMT" time="0.018" errors="0">
  <testcase name="openApp" time="0.012" classname="testngPrac.FirstTestNGScript"/>
  <testcase name="loginApp" time="0.006" classname="testngPrac.FirstTestNGScript"/>
</testsuite> <!-- testngPrac.FirstTestNGScript -->
